[1.028s] Invoking command in '/home/yassin/ROS2_task5/src/turtle_pkg': PYTHONPATH=/home/yassin/ROS2_task5/build/turtle_pkg/prefix_override:/usr/lib/python3/dist-packages/colcon_core/task/python/colcon_distutils_commands:/home/yassin/ROS2_task5/install/turtle_pkg/lib/python3.12/site-packages:${PYTHONPATH} /usr/bin/python3 -W ignore:setup.py install is deprecated -W ignore:easy_install command is deprecated setup.py egg_info --egg-base ../../build/turtle_pkg build --build-base /home/yassin/ROS2_task5/build/turtle_pkg/build install --record /home/yassin/ROS2_task5/build/turtle_pkg/install.log --single-version-externally-managed install_data
[1.329s] running egg_info
[1.351s] writing ../../build/turtle_pkg/turtle_pkg.egg-info/PKG-INFO
[1.352s] writing dependency_links to ../../build/turtle_pkg/turtle_pkg.egg-info/dependency_links.txt
[1.352s] writing entry points to ../../build/turtle_pkg/turtle_pkg.egg-info/entry_points.txt
[1.352s] writing requirements to ../../build/turtle_pkg/turtle_pkg.egg-info/requires.txt
[1.353s] writing top-level names to ../../build/turtle_pkg/turtle_pkg.egg-info/top_level.txt
[1.395s] reading manifest file '../../build/turtle_pkg/turtle_pkg.egg-info/SOURCES.txt'
[1.396s] writing manifest file '../../build/turtle_pkg/turtle_pkg.egg-info/SOURCES.txt'
[1.397s] running build
[1.397s] running build_py
[1.397s] copying turtle_pkg/turtle_chase.py -> /home/yassin/ROS2_task5/build/turtle_pkg/build/lib/turtle_pkg
[1.397s] running install
[1.405s] running install_lib
[1.426s] copying /home/yassin/ROS2_task5/build/turtle_pkg/build/lib/turtle_pkg/turtle_chase.py -> /home/yassin/ROS2_task5/install/turtle_pkg/lib/python3.12/site-packages/turtle_pkg
[1.427s] byte-compiling /home/yassin/ROS2_task5/install/turtle_pkg/lib/python3.12/site-packages/turtle_pkg/turtle_chase.py to turtle_chase.cpython-312.pyc
[1.429s] running install_data
[1.430s] running install_egg_info
[1.451s] removing '/home/yassin/ROS2_task5/install/turtle_pkg/lib/python3.12/site-packages/turtle_pkg-0.0.0-py3.12.egg-info' (and everything under it)
[1.451s] Copying ../../build/turtle_pkg/turtle_pkg.egg-info to /home/yassin/ROS2_task5/install/turtle_pkg/lib/python3.12/site-packages/turtle_pkg-0.0.0-py3.12.egg-info
[1.453s] running install_scripts
[1.594s] Installing turtle_chase script to /home/yassin/ROS2_task5/install/turtle_pkg/lib/turtle_pkg
[1.594s] writing list of installed files to '/home/yassin/ROS2_task5/build/turtle_pkg/install.log'
[1.629s] Invoked command in '/home/yassin/ROS2_task5/src/turtle_pkg' returned '0': PYTHONPATH=/home/yassin/ROS2_task5/build/turtle_pkg/prefix_override:/usr/lib/python3/dist-packages/colcon_core/task/python/colcon_distutils_commands:/home/yassin/ROS2_task5/install/turtle_pkg/lib/python3.12/site-packages:${PYTHONPATH} /usr/bin/python3 -W ignore:setup.py install is deprecated -W ignore:easy_install command is deprecated setup.py egg_info --egg-base ../../build/turtle_pkg build --build-base /home/yassin/ROS2_task5/build/turtle_pkg/build install --record /home/yassin/ROS2_task5/build/turtle_pkg/install.log --single-version-externally-managed install_data
